  Shader.cpp
  main.cpp
C:\Users\luozi\Desktop\gitplace\CG-Homework\homework5\main.cpp(100,11): warning C4244: “=”: 从“double”转换到“float”，可能丢失数据
C:\Users\luozi\Desktop\gitplace\CG-Homework\homework5\main.cpp(101,11): warning C4244: “=”: 从“double”转换到“float”，可能丢失数据
C:\Users\luozi\Desktop\gitplace\CG-Homework\homework5\main.cpp(105,16): warning C4244: “=”: 从“double”转换到“float”，可能丢失数据
C:\Users\luozi\Desktop\gitplace\CG-Homework\homework5\main.cpp(106,16): warning C4244: “=”: 从“double”转换到“float”，可能丢失数据
C:\Users\luozi\Desktop\gitplace\CG-Homework\homework5\main.cpp(107,10): warning C4244: “=”: 从“double”转换到“float”，可能丢失数据
C:\Users\luozi\Desktop\gitplace\CG-Homework\homework5\main.cpp(108,10): warning C4244: “=”: 从“double”转换到“float”，可能丢失数据
  正在生成代码...
LINK : warning LNK4098: 默认库“LIBCMTD”与其他库的使用冲突；请使用 /NODEFAULTLIB:library
LINK : warning LNK4217: 符号“__glewAttachShader”(在“ glew.lib(glew.obj)”中定义)已由“Shader.obj”(函数“"public: void __cdecl Shader::setShaderSource(char const *,char const *)" (?setShaderSource@Shader@@QEAAXPEBD0@Z)”中)导入
LINK : warning LNK4217: 符号“__glewCompileShader”(在“ glew.lib(glew.obj)”中定义)已由“Shader.obj”(函数“"public: void __cdecl Shader::setShaderSource(char const *,char const *)" (?setShaderSource@Shader@@QEAAXPEBD0@Z)”中)导入
LINK : warning LNK4217: 符号“__glewCreateProgram”(在“ glew.lib(glew.obj)”中定义)已由“Shader.obj”(函数“"public: void __cdecl Shader::setShaderSource(char const *,char const *)" (?setShaderSource@Shader@@QEAAXPEBD0@Z)”中)导入
LINK : warning LNK4217: 符号“__glewCreateShader”(在“ glew.lib(glew.obj)”中定义)已由“Shader.obj”(函数“"public: void __cdecl Shader::setShaderSource(char const *,char const *)" (?setShaderSource@Shader@@QEAAXPEBD0@Z)”中)导入
LINK : warning LNK4217: 符号“__glewDeleteShader”(在“ glew.lib(glew.obj)”中定义)已由“Shader.obj”(函数“"public: void __cdecl Shader::setShaderSource(char const *,char const *)" (?setShaderSource@Shader@@QEAAXPEBD0@Z)”中)导入
LINK : warning LNK4217: 符号“__glewGetProgramInfoLog”(在“ glew.lib(glew.obj)”中定义)已由“Shader.obj”(函数“"private: void __cdecl Shader::checkCompileErrors(unsigned int,class std::basic_string<char,struct std::char_traits<char>,class std::allocator<char> >)" (?checkCompileErrors@Shader@@AEAAXIV?$basic_string@DU?$char_traits@D@std@@V?$allocator@D@2@@std@@@Z)”中)导入
LINK : warning LNK4217: 符号“__glewGetProgramiv”(在“ glew.lib(glew.obj)”中定义)已由“Shader.obj”(函数“"private: void __cdecl Shader::checkCompileErrors(unsigned int,class std::basic_string<char,struct std::char_traits<char>,class std::allocator<char> >)" (?checkCompileErrors@Shader@@AEAAXIV?$basic_string@DU?$char_traits@D@std@@V?$allocator@D@2@@std@@@Z)”中)导入
LINK : warning LNK4217: 符号“__glewGetShaderInfoLog”(在“ glew.lib(glew.obj)”中定义)已由“Shader.obj”(函数“"private: void __cdecl Shader::checkCompileErrors(unsigned int,class std::basic_string<char,struct std::char_traits<char>,class std::allocator<char> >)" (?checkCompileErrors@Shader@@AEAAXIV?$basic_string@DU?$char_traits@D@std@@V?$allocator@D@2@@std@@@Z)”中)导入
LINK : warning LNK4217: 符号“__glewGetShaderiv”(在“ glew.lib(glew.obj)”中定义)已由“Shader.obj”(函数“"private: void __cdecl Shader::checkCompileErrors(unsigned int,class std::basic_string<char,struct std::char_traits<char>,class std::allocator<char> >)" (?checkCompileErrors@Shader@@AEAAXIV?$basic_string@DU?$char_traits@D@std@@V?$allocator@D@2@@std@@@Z)”中)导入
LINK : warning LNK4217: 符号“__glewLinkProgram”(在“ glew.lib(glew.obj)”中定义)已由“Shader.obj”(函数“"public: void __cdecl Shader::setShaderSource(char const *,char const *)" (?setShaderSource@Shader@@QEAAXPEBD0@Z)”中)导入
LINK : warning LNK4217: 符号“__glewShaderSource”(在“ glew.lib(glew.obj)”中定义)已由“Shader.obj”(函数“"public: void __cdecl Shader::setShaderSource(char const *,char const *)" (?setShaderSource@Shader@@QEAAXPEBD0@Z)”中)导入
LINK : warning LNK4217: 符号“__glewUseProgram”(在“ glew.lib(glew.obj)”中定义)已由“Shader.obj”(函数“"public: void __cdecl Shader::use(void)" (?use@Shader@@QEAAXXZ)”中)导入
glew.lib(glew.obj) : warning LNK4099: 未找到 PDB“vc110.pdb”(使用“glew.lib(glew.obj)”或在“C:\Users\luozi\Desktop\gitplace\CG-Homework\homework5\x64\Debug\vc110.pdb”中寻找)；正在链接对象，如同没有调试信息一样
  homework5.vcxproj -> C:\Users\luozi\Desktop\gitplace\CG-Homework\homework5\x64\Debug\homework5.exe
